<?xml version="1.0" encoding="UTF-8"?>
<!-- Generated by org.testng.reporters.JUnitXMLReporter -->
<testsuite ignored="4" hostname="Ganyas-MBP.attlocal.net" failures="0" tests="1" name="Test" time="11.527" errors="0" timestamp="2023-06-19T14:21:11 PDT">
  <testcase classname="com.automation.tests.SalesforceLogin" name="checkRememberMe3" time="7.398"/>
  <testcase classname="com.automation.tests.SalesforceLogin" name="forgotPassword4B" time="0.0">
    <ignored/>
  </testcase> <!-- forgotPassword4B -->
  <testcase classname="com.automation.tests.SalesforceLogin" name="loginToSalesforce2" time="0.0">
    <ignored/>
  </testcase> <!-- loginToSalesforce2 -->
  <testcase classname="com.automation.tests.SalesforceLogin" name="forgotPassword4A" time="0.0">
    <ignored/>
  </testcase> <!-- forgotPassword4A -->
  <testcase classname="com.automation.tests.SalesforceLogin" name="loginErrorMessage1" time="0.0">
    <ignored/>
  </testcase> <!-- loginErrorMessage1 -->
</testsuite> <!-- Test -->
